{"/home/djaloe/Rakamin/Week-11/Hw/app.js": {"path":"/home/djaloe/Rakamin/Week-11/Hw/app.js","statementMap":{"0":{"start":{"line":1,"column":16},"end":{"line":1,"column":34}},"1":{"start":{"line":2,"column":12},"end":{"line":2,"column":21}},"2":{"start":{"line":3,"column":15},"end":{"line":3,"column":34}},"3":{"start":{"line":4,"column":21},"end":{"line":4,"column":60}},"4":{"start":{"line":6,"column":0},"end":{"line":6,"column":23}},"5":{"start":{"line":7,"column":0},"end":{"line":7,"column":46}},"6":{"start":{"line":9,"column":0},"end":{"line":9,"column":15}},"7":{"start":{"line":10,"column":0},"end":{"line":10,"column":21}},"8":{"start":{"line":13,"column":0},"end":{"line":13,"column":21}}},"fnMap":{},"branchMap":{},"s":{"0":1,"1":1,"2":1,"3":1,"4":1,"5":1,"6":1,"7":1,"8":1},"f":{},"b":{},"_coverageSchema":"1a1c01bbd47fc00a2c39e90264f33305004495a9","hash":"bc4a1745ba9198772c6196ce74740b749c37a9f2"}
,"/home/djaloe/Rakamin/Week-11/Hw/controllers/todoController.js": {"path":"/home/djaloe/Rakamin/Week-11/Hw/controllers/todoController.js","statementMap":{"0":{"start":{"line":1,"column":20},"end":{"line":1,"column":57}},"1":{"start":{"line":5,"column":20},"end":{"line":15,"column":5}},"2":{"start":{"line":6,"column":8},"end":{"line":14,"column":9}},"3":{"start":{"line":8,"column":25},"end":{"line":8,"column":59}},"4":{"start":{"line":9,"column":12},"end":{"line":10,"column":18}},"5":{"start":{"line":13,"column":12},"end":{"line":13,"column":21}},"6":{"start":{"line":17,"column":21},"end":{"line":26,"column":5}},"7":{"start":{"line":18,"column":8},"end":{"line":25,"column":9}},"8":{"start":{"line":20,"column":25},"end":{"line":20,"column":52}},"9":{"start":{"line":21,"column":12},"end":{"line":21,"column":40}},"10":{"start":{"line":24,"column":12},"end":{"line":24,"column":21}},"11":{"start":{"line":28,"column":21},"end":{"line":37,"column":5}},"12":{"start":{"line":29,"column":8},"end":{"line":36,"column":9}},"13":{"start":{"line":31,"column":25},"end":{"line":31,"column":62}},"14":{"start":{"line":32,"column":12},"end":{"line":32,"column":40}},"15":{"start":{"line":35,"column":12},"end":{"line":35,"column":21}},"16":{"start":{"line":39,"column":20},"end":{"line":51,"column":5}},"17":{"start":{"line":40,"column":8},"end":{"line":50,"column":9}},"18":{"start":{"line":42,"column":25},"end":{"line":42,"column":35}},"19":{"start":{"line":43,"column":31},"end":{"line":43,"column":39}},"20":{"start":{"line":45,"column":25},"end":{"line":45,"column":65}},"21":{"start":{"line":46,"column":12},"end":{"line":46,"column":83}},"22":{"start":{"line":49,"column":12},"end":{"line":49,"column":21}},"23":{"start":{"line":53,"column":20},"end":{"line":62,"column":5}},"24":{"start":{"line":54,"column":8},"end":{"line":61,"column":9}},"25":{"start":{"line":56,"column":25},"end":{"line":56,"column":61}},"26":{"start":{"line":57,"column":12},"end":{"line":57,"column":77}},"27":{"start":{"line":60,"column":12},"end":{"line":60,"column":21}},"28":{"start":{"line":66,"column":0},"end":{"line":66,"column":32}}},"fnMap":{"0":{"name":"(anonymous_0)","decl":{"start":{"line":5,"column":20},"end":{"line":5,"column":21}},"loc":{"start":{"line":5,"column":46},"end":{"line":15,"column":5}},"line":5},"1":{"name":"(anonymous_1)","decl":{"start":{"line":17,"column":21},"end":{"line":17,"column":22}},"loc":{"start":{"line":17,"column":47},"end":{"line":26,"column":5}},"line":17},"2":{"name":"(anonymous_2)","decl":{"start":{"line":28,"column":21},"end":{"line":28,"column":22}},"loc":{"start":{"line":28,"column":47},"end":{"line":37,"column":5}},"line":28},"3":{"name":"(anonymous_3)","decl":{"start":{"line":39,"column":20},"end":{"line":39,"column":21}},"loc":{"start":{"line":39,"column":46},"end":{"line":51,"column":5}},"line":39},"4":{"name":"(anonymous_4)","decl":{"start":{"line":53,"column":20},"end":{"line":53,"column":21}},"loc":{"start":{"line":53,"column":46},"end":{"line":62,"column":5}},"line":53}},"branchMap":{},"s":{"0":1,"1":1,"2":1,"3":1,"4":1,"5":0,"6":1,"7":1,"8":1,"9":1,"10":0,"11":1,"12":4,"13":4,"14":1,"15":3,"16":1,"17":1,"18":1,"19":1,"20":1,"21":1,"22":0,"23":1,"24":1,"25":1,"26":1,"27":0,"28":1},"f":{"0":1,"1":1,"2":4,"3":1,"4":1},"b":{},"_coverageSchema":"1a1c01bbd47fc00a2c39e90264f33305004495a9","hash":"a04f7240711ad66ddcfe0c5105176cd8ca8e4134"}
,"/home/djaloe/Rakamin/Week-11/Hw/middleware/errorHandler.js": {"path":"/home/djaloe/Rakamin/Week-11/Hw/middleware/errorHandler.js","statementMap":{"0":{"start":{"line":3,"column":4},"end":{"line":3,"column":20}},"1":{"start":{"line":5,"column":4},"end":{"line":9,"column":5}},"2":{"start":{"line":6,"column":8},"end":{"line":6,"column":59}},"3":{"start":{"line":8,"column":8},"end":{"line":8,"column":65}},"4":{"start":{"line":13,"column":0},"end":{"line":13,"column":30}}},"fnMap":{"0":{"name":"errorHandler","decl":{"start":{"line":1,"column":9},"end":{"line":1,"column":21}},"loc":{"start":{"line":1,"column":42},"end":{"line":11,"column":1}},"line":1}},"branchMap":{"0":{"loc":{"start":{"line":5,"column":4},"end":{"line":9,"column":5}},"type":"if","locations":[{"start":{"line":5,"column":4},"end":{"line":9,"column":5}},{"start":{"line":7,"column":11},"end":{"line":9,"column":5}}],"line":5}},"s":{"0":3,"1":3,"2":3,"3":0,"4":1},"f":{"0":3},"b":{"0":[3,0]},"_coverageSchema":"1a1c01bbd47fc00a2c39e90264f33305004495a9","hash":"b17878c110c7c00ce22eb57106a515aa790da476"}
,"/home/djaloe/Rakamin/Week-11/Hw/models/index.js": {"path":"/home/djaloe/Rakamin/Week-11/Hw/models/index.js","statementMap":{"0":{"start":{"line":3,"column":11},"end":{"line":3,"column":24}},"1":{"start":{"line":4,"column":13},"end":{"line":4,"column":28}},"2":{"start":{"line":5,"column":18},"end":{"line":5,"column":38}},"3":{"start":{"line":6,"column":16},"end":{"line":6,"column":34}},"4":{"start":{"line":7,"column":17},"end":{"line":7,"column":42}},"5":{"start":{"line":8,"column":12},"end":{"line":8,"column":49}},"6":{"start":{"line":9,"column":15},"end":{"line":9,"column":65}},"7":{"start":{"line":10,"column":11},"end":{"line":10,"column":13}},"8":{"start":{"line":13,"column":0},"end":{"line":17,"column":1}},"9":{"start":{"line":14,"column":2},"end":{"line":14,"column":74}},"10":{"start":{"line":16,"column":2},"end":{"line":16,"column":87}},"11":{"start":{"line":19,"column":0},"end":{"line":32,"column":5}},"12":{"start":{"line":22,"column":4},"end":{"line":27,"column":6}},"13":{"start":{"line":30,"column":18},"end":{"line":30,"column":85}},"14":{"start":{"line":31,"column":4},"end":{"line":31,"column":27}},"15":{"start":{"line":34,"column":0},"end":{"line":38,"column":3}},"16":{"start":{"line":35,"column":2},"end":{"line":37,"column":3}},"17":{"start":{"line":36,"column":4},"end":{"line":36,"column":32}},"18":{"start":{"line":40,"column":0},"end":{"line":40,"column":25}},"19":{"start":{"line":41,"column":0},"end":{"line":41,"column":25}},"20":{"start":{"line":43,"column":0},"end":{"line":43,"column":20}}},"fnMap":{"0":{"name":"(anonymous_0)","decl":{"start":{"line":21,"column":10},"end":{"line":21,"column":11}},"loc":{"start":{"line":21,"column":18},"end":{"line":28,"column":3}},"line":21},"1":{"name":"(anonymous_1)","decl":{"start":{"line":29,"column":11},"end":{"line":29,"column":12}},"loc":{"start":{"line":29,"column":19},"end":{"line":32,"column":3}},"line":29},"2":{"name":"(anonymous_2)","decl":{"start":{"line":34,"column":24},"end":{"line":34,"column":25}},"loc":{"start":{"line":34,"column":37},"end":{"line":38,"column":1}},"line":34}},"branchMap":{"0":{"loc":{"start":{"line":8,"column":12},"end":{"line":8,"column":49}},"type":"binary-expr","locations":[{"start":{"line":8,"column":12},"end":{"line":8,"column":32}},{"start":{"line":8,"column":36},"end":{"line":8,"column":49}}],"line":8},"1":{"loc":{"start":{"line":13,"column":0},"end":{"line":17,"column":1}},"type":"if","locations":[{"start":{"line":13,"column":0},"end":{"line":17,"column":1}},{"start":{"line":15,"column":7},"end":{"line":17,"column":1}}],"line":13},"2":{"loc":{"start":{"line":23,"column":6},"end":{"line":26,"column":37}},"type":"binary-expr","locations":[{"start":{"line":23,"column":6},"end":{"line":23,"column":29}},{"start":{"line":24,"column":6},"end":{"line":24,"column":23}},{"start":{"line":25,"column":6},"end":{"line":25,"column":30}},{"start":{"line":26,"column":6},"end":{"line":26,"column":37}}],"line":23},"3":{"loc":{"start":{"line":35,"column":2},"end":{"line":37,"column":3}},"type":"if","locations":[{"start":{"line":35,"column":2},"end":{"line":37,"column":3}},{"start":{},"end":{}}],"line":35}},"s":{"0":1,"1":1,"2":1,"3":1,"4":1,"5":1,"6":1,"7":1,"8":1,"9":0,"10":1,"11":1,"12":2,"13":1,"14":1,"15":1,"16":1,"17":1,"18":1,"19":1,"20":1},"f":{"0":2,"1":1,"2":1},"b":{"0":[1,0],"1":[0,1],"2":[2,2,1,1],"3":[1,0]},"_coverageSchema":"1a1c01bbd47fc00a2c39e90264f33305004495a9","hash":"863841603d3fe2cc3707038d911bd614ae31614e"}
,"/home/djaloe/Rakamin/Week-11/Hw/models/todo.js": {"path":"/home/djaloe/Rakamin/Week-11/Hw/models/todo.js","statementMap":{"0":{"start":{"line":4,"column":4},"end":{"line":4,"column":24}},"1":{"start":{"line":5,"column":0},"end":{"line":23,"column":2}},"2":{"start":{"line":16,"column":2},"end":{"line":21,"column":5}},"3":{"start":{"line":22,"column":2},"end":{"line":22,"column":14}}},"fnMap":{"0":{"name":"(anonymous_0)","decl":{"start":{"line":5,"column":17},"end":{"line":5,"column":18}},"loc":{"start":{"line":5,"column":43},"end":{"line":23,"column":1}},"line":5},"1":{"name":"(anonymous_1)","decl":{"start":{"line":12,"column":4},"end":{"line":12,"column":5}},"loc":{"start":{"line":12,"column":29},"end":{"line":14,"column":5}},"line":12}},"branchMap":{},"s":{"0":1,"1":1,"2":1,"3":1},"f":{"0":1,"1":1},"b":{},"_coverageSchema":"1a1c01bbd47fc00a2c39e90264f33305004495a9","hash":"bb931c6faad4455a6fd63f2f4856f957e27fceaa"}
,"/home/djaloe/Rakamin/Week-11/Hw/repositories/todoRepositorie.js": {"path":"/home/djaloe/Rakamin/Week-11/Hw/repositories/todoRepositorie.js","statementMap":{"0":{"start":{"line":1,"column":15},"end":{"line":1,"column":35}},"1":{"start":{"line":5,"column":20},"end":{"line":17,"column":5}},"2":{"start":{"line":6,"column":8},"end":{"line":16,"column":9}},"3":{"start":{"line":8,"column":25},"end":{"line":10,"column":14}},"4":{"start":{"line":12,"column":12},"end":{"line":12,"column":23}},"5":{"start":{"line":15,"column":12},"end":{"line":15,"column":21}},"6":{"start":{"line":19,"column":21},"end":{"line":28,"column":5}},"7":{"start":{"line":20,"column":8},"end":{"line":27,"column":9}},"8":{"start":{"line":22,"column":25},"end":{"line":22,"column":45}},"9":{"start":{"line":23,"column":12},"end":{"line":23,"column":24}},"10":{"start":{"line":26,"column":12},"end":{"line":26,"column":21}},"11":{"start":{"line":30,"column":21},"end":{"line":48,"column":5}},"12":{"start":{"line":31,"column":8},"end":{"line":47,"column":9}},"13":{"start":{"line":33,"column":25},"end":{"line":37,"column":14}},"14":{"start":{"line":39,"column":12},"end":{"line":41,"column":13}},"15":{"start":{"line":40,"column":16},"end":{"line":40,"column":46}},"16":{"start":{"line":43,"column":12},"end":{"line":43,"column":23}},"17":{"start":{"line":46,"column":12},"end":{"line":46,"column":21}},"18":{"start":{"line":50,"column":20},"end":{"line":72,"column":5}},"19":{"start":{"line":51,"column":8},"end":{"line":71,"column":9}},"20":{"start":{"line":53,"column":30},"end":{"line":57,"column":14}},"21":{"start":{"line":59,"column":12},"end":{"line":61,"column":13}},"22":{"start":{"line":60,"column":16},"end":{"line":60,"column":46}},"23":{"start":{"line":63,"column":25},"end":{"line":65,"column":34}},"24":{"start":{"line":67,"column":12},"end":{"line":67,"column":23}},"25":{"start":{"line":70,"column":12},"end":{"line":70,"column":21}},"26":{"start":{"line":74,"column":20},"end":{"line":92,"column":5}},"27":{"start":{"line":75,"column":8},"end":{"line":91,"column":9}},"28":{"start":{"line":77,"column":30},"end":{"line":81,"column":14}},"29":{"start":{"line":83,"column":12},"end":{"line":85,"column":13}},"30":{"start":{"line":84,"column":16},"end":{"line":84,"column":46}},"31":{"start":{"line":87,"column":12},"end":{"line":87,"column":37}},"32":{"start":{"line":90,"column":12},"end":{"line":90,"column":21}},"33":{"start":{"line":96,"column":0},"end":{"line":96,"column":33}}},"fnMap":{"0":{"name":"(anonymous_0)","decl":{"start":{"line":5,"column":20},"end":{"line":5,"column":21}},"loc":{"start":{"line":5,"column":39},"end":{"line":17,"column":5}},"line":5},"1":{"name":"(anonymous_1)","decl":{"start":{"line":19,"column":21},"end":{"line":19,"column":22}},"loc":{"start":{"line":19,"column":33},"end":{"line":28,"column":5}},"line":19},"2":{"name":"(anonymous_2)","decl":{"start":{"line":30,"column":21},"end":{"line":30,"column":22}},"loc":{"start":{"line":30,"column":35},"end":{"line":48,"column":5}},"line":30},"3":{"name":"(anonymous_3)","decl":{"start":{"line":50,"column":20},"end":{"line":50,"column":21}},"loc":{"start":{"line":50,"column":43},"end":{"line":72,"column":5}},"line":50},"4":{"name":"(anonymous_4)","decl":{"start":{"line":74,"column":20},"end":{"line":74,"column":21}},"loc":{"start":{"line":74,"column":34},"end":{"line":92,"column":5}},"line":74}},"branchMap":{"0":{"loc":{"start":{"line":39,"column":12},"end":{"line":41,"column":13}},"type":"if","locations":[{"start":{"line":39,"column":12},"end":{"line":41,"column":13}},{"start":{},"end":{}}],"line":39},"1":{"loc":{"start":{"line":59,"column":12},"end":{"line":61,"column":13}},"type":"if","locations":[{"start":{"line":59,"column":12},"end":{"line":61,"column":13}},{"start":{},"end":{}}],"line":59},"2":{"loc":{"start":{"line":64,"column":24},"end":{"line":64,"column":56}},"type":"binary-expr","locations":[{"start":{"line":64,"column":24},"end":{"line":64,"column":37}},{"start":{"line":64,"column":41},"end":{"line":64,"column":56}}],"line":64},"3":{"loc":{"start":{"line":83,"column":12},"end":{"line":85,"column":13}},"type":"if","locations":[{"start":{"line":83,"column":12},"end":{"line":85,"column":13}},{"start":{},"end":{}}],"line":83}},"s":{"0":1,"1":1,"2":1,"3":1,"4":1,"5":0,"6":1,"7":1,"8":1,"9":1,"10":0,"11":1,"12":4,"13":4,"14":4,"15":3,"16":1,"17":3,"18":1,"19":1,"20":1,"21":1,"22":0,"23":1,"24":1,"25":0,"26":1,"27":1,"28":1,"29":1,"30":0,"31":1,"32":0,"33":1},"f":{"0":1,"1":1,"2":4,"3":1,"4":1},"b":{"0":[3,1],"1":[0,1],"2":[1,0],"3":[0,1]},"_coverageSchema":"1a1c01bbd47fc00a2c39e90264f33305004495a9","hash":"3c9a9d4fbeb9adba703750e8046b89075ea2bb7f"}
,"/home/djaloe/Rakamin/Week-11/Hw/routes/index.js": {"path":"/home/djaloe/Rakamin/Week-11/Hw/routes/index.js","statementMap":{"0":{"start":{"line":1,"column":16},"end":{"line":1,"column":34}},"1":{"start":{"line":2,"column":15},"end":{"line":2,"column":31}},"2":{"start":{"line":3,"column":19},"end":{"line":3,"column":39}},"3":{"start":{"line":5,"column":0},"end":{"line":5,"column":32}},"4":{"start":{"line":7,"column":0},"end":{"line":7,"column":24}}},"fnMap":{},"branchMap":{},"s":{"0":1,"1":1,"2":1,"3":1,"4":1},"f":{},"b":{},"_coverageSchema":"1a1c01bbd47fc00a2c39e90264f33305004495a9","hash":"286a0a5624bc7e1fdc27d0db5f4699667f1d83d4"}
,"/home/djaloe/Rakamin/Week-11/Hw/routes/todo.js": {"path":"/home/djaloe/Rakamin/Week-11/Hw/routes/todo.js","statementMap":{"0":{"start":{"line":1,"column":16},"end":{"line":1,"column":34}},"1":{"start":{"line":2,"column":15},"end":{"line":2,"column":31}},"2":{"start":{"line":3,"column":23},"end":{"line":3,"column":66}},"3":{"start":{"line":5,"column":0},"end":{"line":5,"column":39}},"4":{"start":{"line":6,"column":0},"end":{"line":6,"column":39}},"5":{"start":{"line":7,"column":0},"end":{"line":7,"column":42}},"6":{"start":{"line":8,"column":0},"end":{"line":8,"column":41}},"7":{"start":{"line":9,"column":0},"end":{"line":9,"column":44}},"8":{"start":{"line":11,"column":0},"end":{"line":11,"column":24}}},"fnMap":{},"branchMap":{},"s":{"0":1,"1":1,"2":1,"3":1,"4":1,"5":1,"6":1,"7":1,"8":1},"f":{},"b":{},"_coverageSchema":"1a1c01bbd47fc00a2c39e90264f33305004495a9","hash":"764bdb90aba4db943f61c699c5ab604494549c10"}
,"/home/djaloe/Rakamin/Week-11/Hw/services/todoService.js": {"path":"/home/djaloe/Rakamin/Week-11/Hw/services/todoService.js","statementMap":{"0":{"start":{"line":1,"column":24},"end":{"line":1,"column":69}},"1":{"start":{"line":5,"column":20},"end":{"line":19,"column":5}},"2":{"start":{"line":6,"column":8},"end":{"line":18,"column":9}},"3":{"start":{"line":8,"column":28},"end":{"line":8,"column":34}},"4":{"start":{"line":9,"column":28},"end":{"line":11,"column":13}},"5":{"start":{"line":13,"column":25},"end":{"line":13,"column":62}},"6":{"start":{"line":14,"column":12},"end":{"line":14,"column":23}},"7":{"start":{"line":17,"column":12},"end":{"line":17,"column":21}},"8":{"start":{"line":21,"column":21},"end":{"line":30,"column":5}},"9":{"start":{"line":22,"column":8},"end":{"line":29,"column":9}},"10":{"start":{"line":24,"column":25},"end":{"line":24,"column":56}},"11":{"start":{"line":25,"column":12},"end":{"line":25,"column":23}},"12":{"start":{"line":28,"column":12},"end":{"line":28,"column":21}},"13":{"start":{"line":32,"column":21},"end":{"line":43,"column":5}},"14":{"start":{"line":32,"column":40},"end":{"line":32,"column":42}},"15":{"start":{"line":33,"column":8},"end":{"line":42,"column":9}},"16":{"start":{"line":35,"column":25},"end":{"line":35,"column":31}},"17":{"start":{"line":37,"column":25},"end":{"line":37,"column":58}},"18":{"start":{"line":38,"column":12},"end":{"line":38,"column":23}},"19":{"start":{"line":41,"column":12},"end":{"line":41,"column":21}},"20":{"start":{"line":45,"column":20},"end":{"line":59,"column":5}},"21":{"start":{"line":46,"column":8},"end":{"line":58,"column":9}},"22":{"start":{"line":48,"column":28},"end":{"line":48,"column":38}},"23":{"start":{"line":49,"column":28},"end":{"line":51,"column":13}},"24":{"start":{"line":53,"column":25},"end":{"line":53,"column":66}},"25":{"start":{"line":54,"column":12},"end":{"line":54,"column":23}},"26":{"start":{"line":57,"column":12},"end":{"line":57,"column":21}},"27":{"start":{"line":61,"column":20},"end":{"line":71,"column":5}},"28":{"start":{"line":62,"column":8},"end":{"line":70,"column":9}},"29":{"start":{"line":64,"column":25},"end":{"line":64,"column":31}},"30":{"start":{"line":66,"column":12},"end":{"line":66,"column":44}},"31":{"start":{"line":69,"column":12},"end":{"line":69,"column":21}},"32":{"start":{"line":75,"column":0},"end":{"line":75,"column":29}}},"fnMap":{"0":{"name":"(anonymous_0)","decl":{"start":{"line":5,"column":20},"end":{"line":5,"column":21}},"loc":{"start":{"line":5,"column":38},"end":{"line":19,"column":5}},"line":5},"1":{"name":"(anonymous_1)","decl":{"start":{"line":21,"column":21},"end":{"line":21,"column":22}},"loc":{"start":{"line":21,"column":33},"end":{"line":30,"column":5}},"line":21},"2":{"name":"(anonymous_2)","decl":{"start":{"line":32,"column":21},"end":{"line":32,"column":22}},"loc":{"start":{"line":32,"column":39},"end":{"line":43,"column":5}},"line":32},"3":{"name":"(anonymous_3)","decl":{"start":{"line":45,"column":20},"end":{"line":45,"column":21}},"loc":{"start":{"line":45,"column":46},"end":{"line":59,"column":5}},"line":45},"4":{"name":"(anonymous_4)","decl":{"start":{"line":61,"column":20},"end":{"line":61,"column":21}},"loc":{"start":{"line":61,"column":38},"end":{"line":71,"column":5}},"line":61}},"branchMap":{},"s":{"0":1,"1":1,"2":1,"3":1,"4":1,"5":1,"6":1,"7":0,"8":1,"9":1,"10":1,"11":1,"12":0,"13":1,"14":4,"15":4,"16":4,"17":4,"18":1,"19":3,"20":1,"21":1,"22":1,"23":1,"24":1,"25":1,"26":0,"27":1,"28":1,"29":1,"30":1,"31":0,"32":1},"f":{"0":1,"1":1,"2":4,"3":1,"4":1},"b":{},"_coverageSchema":"1a1c01bbd47fc00a2c39e90264f33305004495a9","hash":"d791cb317729411bc08ced02ea010083a9e5ac2f"}
}
