TN:
SF:app.js
FNF:0
FNH:0
DA:1,1
DA:2,1
DA:3,1
DA:4,1
DA:6,1
DA:7,1
DA:9,1
DA:10,1
DA:13,1
LF:9
LH:9
BRF:0
BRH:0
end_of_record
TN:
SF:controllers/todoController.js
FN:5,(anonymous_0)
FN:17,(anonymous_1)
FN:28,(anonymous_2)
FN:39,(anonymous_3)
FN:53,(anonymous_4)
FNF:5
FNH:5
FNDA:1,(anonymous_0)
FNDA:1,(anonymous_1)
FNDA:4,(anonymous_2)
FNDA:1,(anonymous_3)
FNDA:1,(anonymous_4)
DA:1,1
DA:5,1
DA:6,1
DA:8,1
DA:9,1
DA:13,0
DA:17,1
DA:18,1
DA:20,1
DA:21,1
DA:24,0
DA:28,1
DA:29,4
DA:31,4
DA:32,1
DA:35,3
DA:39,1
DA:40,1
DA:42,1
DA:43,1
DA:45,1
DA:46,1
DA:49,0
DA:53,1
DA:54,1
DA:56,1
DA:57,1
DA:60,0
DA:66,1
LF:29
LH:25
BRF:0
BRH:0
end_of_record
TN:
SF:middleware/errorHandler.js
FN:1,errorHandler
FNF:1
FNH:1
FNDA:3,errorHandler
DA:3,3
DA:5,3
DA:6,3
DA:8,0
DA:13,1
LF:5
LH:4
BRDA:5,0,0,3
BRDA:5,0,1,0
BRF:2
BRH:1
end_of_record
TN:
SF:models/index.js
FN:21,(anonymous_0)
FN:29,(anonymous_1)
FN:34,(anonymous_2)
FNF:3
FNH:3
FNDA:2,(anonymous_0)
FNDA:1,(anonymous_1)
FNDA:1,(anonymous_2)
DA:3,1
DA:4,1
DA:5,1
DA:6,1
DA:7,1
DA:8,1
DA:9,1
DA:10,1
DA:13,1
DA:14,0
DA:16,1
DA:19,1
DA:22,2
DA:30,1
DA:31,1
DA:34,1
DA:35,1
DA:36,1
DA:40,1
DA:41,1
DA:43,1
LF:21
LH:20
BRDA:8,0,0,1
BRDA:8,0,1,0
BRDA:13,1,0,0
BRDA:13,1,1,1
BRDA:23,2,0,2
BRDA:23,2,1,2
BRDA:23,2,2,1
BRDA:23,2,3,1
BRDA:35,3,0,1
BRDA:35,3,1,0
BRF:10
BRH:7
end_of_record
TN:
SF:models/todo.js
FN:5,(anonymous_0)
FN:12,(anonymous_1)
FNF:2
FNH:2
FNDA:1,(anonymous_0)
FNDA:1,(anonymous_1)
DA:4,1
DA:5,1
DA:16,1
DA:22,1
LF:4
LH:4
BRF:0
BRH:0
end_of_record
TN:
SF:repositories/todoRepositorie.js
FN:5,(anonymous_0)
FN:19,(anonymous_1)
FN:30,(anonymous_2)
FN:50,(anonymous_3)
FN:74,(anonymous_4)
FNF:5
FNH:5
FNDA:1,(anonymous_0)
FNDA:1,(anonymous_1)
FNDA:4,(anonymous_2)
FNDA:1,(anonymous_3)
FNDA:1,(anonymous_4)
DA:1,1
DA:5,1
DA:6,1
DA:8,1
DA:12,1
DA:15,0
DA:19,1
DA:20,1
DA:22,1
DA:23,1
DA:26,0
DA:30,1
DA:31,4
DA:33,4
DA:39,4
DA:40,3
DA:43,1
DA:46,3
DA:50,1
DA:51,1
DA:53,1
DA:59,1
DA:60,0
DA:63,1
DA:67,1
DA:70,0
DA:74,1
DA:75,1
DA:77,1
DA:83,1
DA:84,0
DA:87,1
DA:90,0
DA:96,1
LF:34
LH:28
BRDA:39,0,0,3
BRDA:39,0,1,1
BRDA:59,1,0,0
BRDA:59,1,1,1
BRDA:64,2,0,1
BRDA:64,2,1,0
BRDA:83,3,0,0
BRDA:83,3,1,1
BRF:8
BRH:5
end_of_record
TN:
SF:routes/index.js
FNF:0
FNH:0
DA:1,1
DA:2,1
DA:3,1
DA:5,1
DA:7,1
LF:5
LH:5
BRF:0
BRH:0
end_of_record
TN:
SF:routes/todo.js
FNF:0
FNH:0
DA:1,1
DA:2,1
DA:3,1
DA:5,1
DA:6,1
DA:7,1
DA:8,1
DA:9,1
DA:11,1
LF:9
LH:9
BRF:0
BRH:0
end_of_record
TN:
SF:services/todoService.js
FN:5,(anonymous_0)
FN:21,(anonymous_1)
FN:32,(anonymous_2)
FN:45,(anonymous_3)
FN:61,(anonymous_4)
FNF:5
FNH:5
FNDA:1,(anonymous_0)
FNDA:1,(anonymous_1)
FNDA:4,(anonymous_2)
FNDA:1,(anonymous_3)
FNDA:1,(anonymous_4)
DA:1,1
DA:5,1
DA:6,1
DA:8,1
DA:9,1
DA:13,1
DA:14,1
DA:17,0
DA:21,1
DA:22,1
DA:24,1
DA:25,1
DA:28,0
DA:32,4
DA:33,4
DA:35,4
DA:37,4
DA:38,1
DA:41,3
DA:45,1
DA:46,1
DA:48,1
DA:49,1
DA:53,1
DA:54,1
DA:57,0
DA:61,1
DA:62,1
DA:64,1
DA:66,1
DA:69,0
DA:75,1
LF:32
LH:28
BRF:0
BRH:0
end_of_record
